<?xml version="1.0" encoding="UTF-8"?>
<!-- Generated by org.testng.reporters.JUnitXMLReporter -->
<testsuite ignored="0" hostname="Fatma" failures="0" tests="3" name="Default test" time="58.414" errors="0" timestamp="2023-10-14T23:09:55 EET">
  <testcase classname="com.crm.qa.testcases.LoginPageTest" name="Login" time="13.937"/>
  <testcase classname="com.crm.qa.testcases.LandingPageTest" name="CheckLoginButton" time="15.506"/>
  <testcase classname="com.crm.qa.testcases.LandingPageTest" name="checkLandingPageTitle" time="0.023"/>
</testsuite> <!-- Default test -->
